1348600922 73.0616
1348600983 73.2866
1348601044 74.3
1348601105 74.3
1348601154 74.4116
1348601160 74.525
1348601166 74.525
1348601172 74.525
1348601178 74.525
1348601184 74.525
1348601190 74.525
1348601196 74.525
1348601202 74.6366
1348601208 74.6366
1348601215 74.6366
1348601220 74.6366
1348601226 74.6366
1348601232 74.75
1348601238 74.75
1348601244 74.75
1348601250 74.75
1348601256 74.8616
1348601262 74.8616
1348601268 74.8616
1348601274 74.975
1348601280 74.975
1348601286 74.975
1348601292 75.0866
1348601298 75.0866
1348601305 75.0866
1348601311 75.0866
1348601317 75.0866
1348601323 75.0866
1348601329 75.0866
1348601335 75.0866
1348601340 75.2
1348601346 75.2
1348601352 75.0866
1348601358 75.2
1348601364 75.0866
1348601370 75.2
1348601377 75.2
1348601383 75.0866
1348601389 75.0866
1348601395 75.0866
1348601401 74.975
1348601407 74.975
1348601413 74.975
1348602074 74.3
1348602085 74.3
1348602096 74.1866
1348602107 74.3
1348602118 74.3
1348602129 74.3
1348602140 74.3
1348602151 74.3
1348602162 74.975
1348602173 75.7616
1348602184 76.2116
1348602195 76.6616
1348602208 76.8866
1348602219 77
1348602230 77.1116
1348602268 76.1
1348602280 75.875
1348602291 75.5366
1348602302 75.425
1348602313 75.3116
1348602324 75.0866
1348602335 74.975
1348602346 74.75
1348602357 76.4366
1348602368 77.1116
1348602379 77
1348602390 76.55
1348602401 76.1
1348602413 75.65
1348602424 74.75
1348602435 74.1866
1348602446 73.85
1348602457 73.85
1348602468 73.7366
1348602479 73.85
1348602490 73.85
1348602501 73.85
1348602512 73.9616
1348602523 73.9616
1348602534 73.9616
1348602545 73.9616
1348602556 73.85
1348602567 73.9616
1348602578 73.9616
1348602589 73.9616
1348602600 73.9616
1348602611 73.85
1348602622 73.85
1348602633 73.85
1348602644 73.85
1348602655 73.9616
1348602666 74.075
1348602677 74.075
1348602688 74.075
1348602700 74.1866
1348602711 74.1866
1348602721 74.075
1348602732 74.1866
1348602743 74.1866
1348602754 74.1866
1348602765 74.1866
1348602776 74.075
1348602787 74.075
1348602798 74.075
1348602809 74.075
1348602820 74.1866
1348602831 74.1866
1348602842 74.3
1348602854 74.4116
1348602865 74.4116
1348602876 74.3
1348602887 74.1866
1348602898 74.075
1348602909 73.9616
1348602920 73.85
1348602931 73.7366
1348602942 73.5116
1348602953 73.4
1348602963 73.2866
1348602974 73.175
1348602985 73.0616
1348602997 72.95
1348603009 72.8366
1348603020 72.725
1348603031 72.6116
1348603042 72.5
1348603053 72.3866
1348603064 72.3866
1348603076 72.275
1348603087 72.1616
1348603098 72.05
1348603109 72.05
1348603120 71.9366
1348603131 71.825
1348603142 71.825
1348603153 71.7116
1348603164 71.7116
1348603175 71.6
1348603186 71.6
1348603197 71.4866
1348603208 71.4866
1348603219 71.4866
1348603230 71.4866
1348603241 71.4866
1348603252 71.4866
1348603263 71.4866
1348603274 71.375
1348603285 71.2616
1348603296 71.2616
1348603307 71.15
1348603318 71.0366
1348603329 71.0366
1348603340 71.0366
1348603350 70.925
1348603361 70.925
1348603372 70.8116
1348603383 70.8116
1348603394 70.7
1348603405 70.8116
1348603416 70.8116
1348603427 70.7
1348603438 70.7
1348603449 70.5866
1348603460 70.7
1348603471 70.7
1348603482 70.5866
1348603493 70.5866
1348603504 70.5866
1348603515 70.5866
1348603526 70.5866
1348603537 70.5866
1348603548 70.5866
1348603559 70.5866
1348603570 70.475
1348603581 70.475
1348603592 70.475
1348603604 70.475
1348603615 70.3616
1348603626 70.3616
1348603637 70.3616
1348603648 70.3616
1348603660 70.3616
1348603671 70.3616
1348603682 70.25
1348603693 70.25
1348603705 70.3616
1348603716 70.3616
1348603727 70.25
1348603738 70.25
1348603749 70.25
1348603760 70.25
1348603771 70.25
1348603782 70.25
1348603793 70.25
1348603804 70.25
1348603815 70.1366
1348603826 70.1366
1348603837 70.1366
1348603848 70.1366
1348603859 70.1366
1348603870 70.1366
1348603881 70.1366
1348603892 70.025
1348603903 70.025
1348603914 70.025
1348603925 70.025
1348603935 70.025
1348603946 70.025
1348603957 70.025
1348603968 70.025
1348603979 69.9116
1348603991 69.9116
1348604003 70.025
1348604014 69.9116
1348604025 69.9116
1348604036 69.9116
1348604047 69.9116
1348604058 69.9116
1348604069 69.9116
1348604080 69.9116
1348604092 69.9116
1348604103 69.8
1348604114 69.8
1348604125 69.8
1348604137 69.9116
1348604148 69.8
1348604159 69.8
1348604170 69.8
1348604181 69.8
1348604192 69.8
1348604203 69.8
1348604214 69.8
1348604225 69.8
1348604236 69.8
1348604247 69.8
1348604258 69.8
1348604269 69.8
1348604280 69.8
1348604291 69.8
1348604302 69.8
1348604313 69.8
1348604325 69.8
1348604336 69.6866
1348604347 69.6866
1348604358 69.6866
1348604369 69.6866
1348604380 69.6866
1348604391 69.575
1348604402 69.6866
1348604413 69.6866
1348604424 69.6866
1348604435 69.6866
1348604446 69.6866
1348604457 69.6866
1348604468 69.6866
1348604479 69.6866
1348604490 69.6866
1348604501 69.6866
1348604512 69.6866
1348604523 69.6866
1348604534 69.6866
1348604545 69.575
1348604556 69.575
1348604567 69.575
1348604578 69.575
1348604589 69.575
1348604600 69.575
1348604611 69.575
1348604622 69.575
1348604633 69.575
1348604644 69.575
1348604655 69.575
1348604666 69.575
1348604677 69.575
1348604688 69.575
1348604698 69.4616
1348604709 69.575
1348604720 69.4616
1348604731 69.575
1348604742 69.575
1348604753 69.575
1348604764 69.4616
1348604775 69.4616
1348604786 69.4616
1348604797 69.4616
1348604808 69.4616
1348604819 69.575
1348604830 69.4616
1348604841 69.4616
1348604852 69.4616
1348604863 69.4616
1348604874 69.4616
1348604886 69.575
1348604897 69.4616
1348604908 69.4616
1348604918 69.4616
1348604929 69.4616
1348604940 69.4616
1348604951 69.4616
1348604962 69.4616
1348604973 69.4616
1348604984 69.4616
1348604995 69.4616
1348605006 69.4616
1348605017 69.4616
1348605028 69.35
1348605039 69.35
1348605050 69.4616
1348605062 69.35
1348605073 69.35
1348605084 69.35
1348605095 69.35
1348605106 69.35
1348605117 69.35
1348605128 69.35
1348605138 69.35
1348605149 69.35
1348605160 69.35
1348605171 69.2366
1348605182 69.35
1348605193 69.35
1348605204 69.35
1348605215 69.35
1348605227 69.35
1348605238 69.35
1348605249 69.35
1348605261 69.35
1348605272 69.35
1348605283 69.35
1348605297 69.4616
1348605308 69.35
1348605319 69.35
1348605330 69.35
1348605341 69.35
1348605352 69.35
1348605363 69.35
1348605374 69.35
1348605385 69.35
1348605396 69.2366
1348605407 69.35
1348605418 69.35
1348605429 69.35
1348605440 69.2366
1348605450 69.2366
1348605462 69.2366
1348605473 69.2366
1348605484 69.2366
1348605495 69.2366
1348605507 69.2366
1348605518 69.2366
1348605529 69.2366
1348605540 69.2366
1348605551 69.125
1348605562 69.2366
1348605573 69.2366
1348605584 69.2366
1348605595 69.125
1348605606 69.2366
1348605617 69.125
1348605627 69.125
1348605638 69.125
1348605649 69.125
1348605660 69.125
1348605671 69.125
1348605682 69.125
1348605693 69.125
1348605704 69.125
1348605715 69.0116
1348605726 69.125
1348605737 69.0116
1348605748 69.0116
1348605759 69.0116
1348605770 69.125
1348605781 69.125
1348605792 69.125
1348605803 69.125
1348605815 69.125
1348605826 69.0116
1348605837 69.125
1348605847 69.0116
1348605858 69.125
1348605872 69.125
1348605883 69.0116
1348605894 69.0116
1348605905 69.0116
1348605916 69.0116
1348605928 69.0116
1348605939 69.0116
1348605950 69.0116
1348605961 69.0116
1348605973 69.0116
1348605984 69.0116
1348605995 69.0116
1348606006 69.0116
1348606017 69.0116
1348606028 69.0116
1348606039 69.0116
1348606050 69.0116
1348606061 69.0116
1348606073 69.0116
1348606084 69.0116
1348606095 69.0116
1348606106 69.0116
1348606117 69.0116
1348606127 69.0116
1348606138 69.0116
1348606149 69.0116
1348606160 69.0116
1348606171 69.0116
1348606183 69.0116
1348606194 69.0116
1348606205 69.0116
1348606216 69.0116
1348606227 69.0116
1348606238 69.0116
1348606249 69.0116
1348606260 69.0116
1348606271 69.0116
1348606282 68.9
1348606293 69.0116
1348606304 69.0116
1348606315 69.0116
1348606326 69.0116
1348606336 69.0116
1348606347 69.0116
1348606358 69.0116
1348606369 69.0116
1348606380 69.0116
1348606391 69.0116
1348606402 69.0116
1348606413 69.0116
1348606424 69.0116
1348606435 69.0116
1348606446 69.0116
1348606457 69.0116
1348606468 68.9
1348606479 68.9
1348606490 68.9
1348606501 68.9
1348606513 68.9
1348606524 68.9
1348606535 69.0116
1348606546 68.9
1348606557 68.9
1348606568 68.9
1348606579 68.9
1348606590 68.9
1348606601 68.9
1348606612 68.9
1348606623 68.9
1348606634 68.9
1348606646 69.0116
1348606657 69.0116
1348606668 68.9
1348606679 68.9
1348606690 68.9
1348606701 68.9
1348606712 68.9
1348606723 68.9
1348606734 68.9
1348606745 68.9
1348606756 68.9
1348606766 68.9
1348606777 68.9
1348606788 68.9
1348606800 68.9
1348606811 68.9
1348606823 68.9
1348606834 68.9
1348606845 68.7866
1348606856 68.7866
1348606867 68.9
1348606878 68.7866
1348606889 68.7866
1348606901 68.7866
1348606911 68.7866
1348606922 68.7866
1348606933 68.7866
1348606944 68.7866
1348606955 68.7866
1348606966 68.7866
1348606977 68.7866
1348606988 68.7866
1348606999 68.7866
1348607010 68.7866
1348607021 68.7866
1348607032 68.7866
1348607043 68.7866
1348607054 68.7866
1348607065 68.7866
1348607076 68.7866
1348607087 68.7866
1348607098 68.7866
1348607109 68.7866
1348607120 68.7866
1348607131 68.7866
1348607142 68.7866
1348607153 68.7866
1348607164 68.7866
1348607175 68.7866
1348607186 68.7866
1348607197 68.7866
1348607208 68.7866
1348607219 68.7866
1348607230 68.7866
1348607241 68.7866
1348607252 68.7866
1348607263 68.7866
1348607274 68.7866
1348607285 68.7866
1348607296 68.7866
1348607307 68.7866
1348607318 68.7866
1348607329 68.7866
1348607340 68.7866
1348607351 68.7866
1348607362 68.7866
1348607373 68.675
1348607384 68.7866
1348607395 68.7866
1348607406 68.7866
1348607417 68.675
1348607428 68.675
1348607439 68.675
1348607450 68.675
1348607461 68.675
1348607472 68.675
1348607483 68.675
1348607494 68.675
1348607505 68.675
1348607516 68.675
1348607527 68.675
1348607538 68.675
1348607549 68.675
1348607560 68.675
1348607571 68.675
1348607582 68.675
1348607593 68.675
1348607604 68.675
1348607615 68.675
1348607626 68.675
1348607637 68.675
1348607648 68.675
1348607660 68.7866
1348607671 68.675
1348607683 68.7866
1348607694 68.675
1348607705 68.675
1348607716 68.675
1348607727 68.675
1348607738 68.675
1348607749 68.7866
1348607760 68.7866
1348607771 68.675
1348607782 68.675
1348607795 68.675
1348607806 68.675
1348607818 68.675
1348607830 68.675
1348607841 68.675
1348607852 68.675
1348607862 68.675
1348607873 68.675
1348607885 68.675
1348607896 68.675
1348607907 68.675
1348607918 68.675
1348607929 68.675
1348607940 68.675
1348607951 68.675
1348607962 68.5616
1348607973 68.675
1348607984 68.675
1348607995 68.675
1348608006 68.5616
1348608017 68.5616
1348608029 68.675
1348608041 68.675
1348608052 68.675
1348608063 68.675
1348608074 68.675
1348608085 68.5616
1348608096 68.675
1348608107 68.675
1348608118 68.5616
1348608129 68.675
1348608140 68.675
1348608151 68.675
1348608162 68.675
1348608173 68.675
1348608184 68.675
1348608195 68.675
1348608205 68.675
1348608216 68.675
1348608227 68.675
1348608238 68.675
1348608249 68.675
1348608260 68.675
1348608271 68.675
1348608282 68.675
1348608293 68.675
1348608304 68.675
1348608315 68.675
1348608326 68.675
1348608337 68.675
1348608348 68.675
1348608359 68.675
1348608370 68.675
1348608381 68.675
1348608392 68.675
1348608403 68.675
1348608414 68.675
1348608425 68.675
1348608436 68.675
1348608446 68.675
1348608457 68.675
1348608469 68.675
1348608480 68.675
1348608491 68.675
1348608502 68.675
1348608513 68.675
1348608524 68.675
1348608535 68.675
1348608546 68.7866
1348608557 69.0116
1348608568 70.025
1348608579 70.3616
1348608590 71.7116
1348608601 74.3
1348608613 77.225
1348608624 79.7
1348608634 81.95
1348608645 84.0866
1348608656 86.1116
1348608667 87.9116
1348608678 89.6
1348608689 91.175
1348608700 92.75
1348608711 94.325
1348608722 95.7866
1348608733 96.8
1348608744 97.925
1348608755 98.9366
1348608766 99.725
1348608778 100.625
1348608789 101.3
1348608800 101.862
1348608811 102.425
1348608822 103.1
1348608833 103.662
1348608843 104.337
1348608854 104.9
1348608865 105.125
1348608877 105.687
1348608888 106.137
1348608899 106.362
1348608910 106.7
1348608921 106.925
1348608932 107.037
1348608943 107.262
1348608954 107.262
1348608965 107.375
1348608976 107.375
1348608987 107.712
1348608998 107.937
1348609009 107.937
1348609020 108.05
1348609032 108.162
1348609042 108.275
1348609053 108.387
1348609064 108.612
1348609075 108.612
1348609086 108.612
1348609097 108.837
1348609108 108.95
1348609119 109.062
1348609130 109.062
1348609141 108.95
1348609153 108.95
1348609164 108.95
1348609175 108.837
1348609186 108.837
1348609197 108.95
1348609208 108.95
1348609219 108.95
1348609230 109.062
1348609241 109.062
1348609252 109.175
1348609262 109.287
1348609273 109.512
1348609284 109.737
1348609295 109.85
1348609306 109.962
1348609317 109.85
1348609328 109.85
1348609339 109.737
1348609350 109.737
1348609361 109.737
1348609372 109.625
1348609383 109.512
1348609394 109.512
1348609405 109.85
1348609416 109.85
1348609427 110.187
1348609438 110.3
1348609449 110.187
1348609460 110.3
1348609471 110.412
1348609482 110.525
1348609492 110.525
1348609503 110.412
1348609514 110.187
1348609525 110.3
1348609536 110.187
1348609547 110.187
1348609558 110.075
1348609569 110.3
1348609580 110.412
1348609591 110.412
1348609602 110.412
1348609613 110.637
1348609624 110.525
1348609635 110.525
1348609646 110.637
1348609658 110.862
1348609669 110.975
1348609680 110.75
1348609691 110.75
1348609701 110.75
1348609712 110.975
1348609723 111.087
1348609734 110.975
1348609745 111.087
1348609756 110.75
1348609767 110.75
1348609778 110.525
1348609789 110.637
1348609800 110.525
1348609811 110.412
1348609823 110.525
1348609834 110.637
1348609845 110.637
1348609856 110.75
1348609867 110.975
1348609878 110.975
1348609889 111.087
1348609900 111.087
1348609910 111.312
1348609921 111.087
1348609932 110.975
1348609943 110.975
1348609954 110.975
1348609965 110.975
1348609976 110.862
1348609987 110.637
1348609998 110.412
1348610009 110.525
1348610020 110.525
1348610031 110.637
1348610042 110.525
1348610053 110.525
1348610064 110.525
1348610075 110.637
1348610086 110.637
1348610097 110.75
1348610108 110.637
1348610119 110.637
1348610130 110.412
1348610141 110.412
1348610152 110.525
1348610163 110.412
1348610174 110.637
1348610185 110.975
1348610196 111.087
1348610206 111.312
1348610217 111.312
1348610228 111.087
1348610239 110.862
1348610250 110.975
1348610261 111.087
1348610273 111.2
1348610284 111.087
1348610295 111.087
1348610306 110.862
1348610317 110.75
1348610328 110.975
1348610339 110.862
1348610350 110.862
1348610362 110.862
1348610373 110.862
1348610384 111.087
1348610394 111.2
1348610405 110.975
1348610416 111.087
1348610427 111.087
1348610438 111.2
1348610449 111.087
1348610460 111.087
1348610471 110.975
1348610482 111.087
1348610493 111.2
1348610504 111.425
1348610515 111.537
1348610526 111.312
1348610537 111.312
1348610548 111.312
1348610559 111.087
1348610570 111.087
1348610581 111.425
1348610592 111.762
1348610603 111.987
1348610614 112.1
1348610625 112.1
1348610635 112.1
1348610646 111.987
1348610657 112.1
1348610668 112.1
1348610679 111.875
1348610690 111.875
1348610701 111.762
1348610712 111.425
1348610723 111.312
1348610734 111.087
1348610745 111.087
1348610756 111.2
1348610767 111.087
1348610778 111.087
1348610789 110.975
1348610800 111.2
1348610811 111.2
1348610822 111.312
1348610833 111.312
1348610844 111.425
1348610855 111.425
1348610866 111.312
1348610877 111.425
1348610887 111.312
1348610898 111.65
1348610909 111.875
1348610920 112.212
1348610931 112.325
1348610942 112.212
1348610953 111.987
1348610964 111.987
1348610975 111.987
1348610986 111.762
1348610997 111.65
1348611008 111.537
1348611019 111.425
1348611030 111.425
1348611041 111.425
1348611052 111.537
1348611063 111.762
1348611074 111.762
1348611085 111.762
1348611096 111.987
1348611107 111.987
1348611118 111.762
1348611129 111.537
1348611139 111.425
1348611150 111.312
1348611161 111.2
1348611172 111.312
1348611183 111.425
1348611195 111.425
1348611206 111.537
1348611217 111.65
1348611228 111.875
1348611240 111.875
1348611251 111.875
1348611262 111.875
1348611273 111.987
1348611284 111.987
1348611295 112.212
1348611306 112.325
1348611316 112.212
1348611327 112.325
1348611338 112.212
1348611349 112.325
1348611360 112.325
1348611371 112.325
1348611382 112.437
1348611393 112.437
1348611404 112.325
1348611415 112.325
1348611426 112.1
1348611437 111.987
1348611448 112.1
1348611459 112.437
1348611470 112.55
1348611481 112.55
1348611492 112.55
1348611503 112.437
1348611514 112.325
1348611525 112.212
1348611536 112.325
1348611547 112.662
1348611558 112.775
1348611568 112.775
1348611579 112.775
1348611590 112.775
1348611601 112.662
1348611612 112.662
1348611623 112.55
1348611634 112.55
1348611645 112.55
1348611656 112.55
1348611667 112.212
1348611678 112.1
1348611689 112.1
1348611700 112.1
1348611711 112.1
1348611722 112.325
1348611733 112.662
1348611744 112.662
1348611755 112.437
1348611766 112.325
1348611777 112.212
1348611788 112.1
1348611799 112.1
1348611809 112.1
1348611820 112.325
1348611831 112.55
1348611842 112.437
1348611853 112.437
1348611864 112.1
1348611875 112.1
1348611886 112.1
1348611897 112.1
1348611908 111.987
1348611919 112.1
1348611930 111.987
1348611941 111.987
1348611952 112.212
1348611963 112.1
1348611975 112.1
1348611986 112.1
1348611997 112.1
1348612008 111.987
1348612018 111.987
1348612029 112.1
1348612040 112.212
1348612051 112.212
1348612062 112.325
1348612073 112.437
1348612084 112.325
1348612095 112.437
1348612106 112.437
1348612117 112.325
1348612128 112.212
1348612139 111.987
1348612150 111.875
1348612161 111.875
1348612172 111.762
1348612183 111.762
1348612194 111.875
1348612205 111.762
1348612216 111.65
1348612227 111.537
1348612238 111.425
1348612249 111.312
1348612259 111.425
1348612270 111.65
1348612281 111.875
1348612292 111.987
1348612303 112.1
1348612314 112.1
1348612325 112.212
1348612336 112.212
1348612348 112.1
1348612359 112.212
1348612370 112.212
1348612381 112.1
1348612392 112.1
1348612403 112.325
1348612414 112.325
1348612425 112.437
1348612436 112.662
1348612447 112.775
1348612458 112.662
1348612469 112.437
1348612479 112.662
1348612490 112.55
1348612501 112.437
1348612512 112.437
1348612523 112.437
1348612534 112.325
1348612545 112.325
1348612556 112.437
1348612567 112.662
1348612578 112.662
1348612589 112.55
1348612600 112.437
1348612611 112.55
1348612622 112.437
1348612633 112.437
1348612644 112.325
1348612655 112.212
1348612666 112.1
1348612677 112.212
1348612688 112.1
1348612699 111.987
1348612710 111.762
1348612721 111.762
1348612731 111.875
1348612742 112.212
1348612753 112.325
1348612764 112.55
1348612775 112.55
1348612786 112.325
1348612797 112.325
1348612808 112.212
1348612819 112.1
1348612830 112.212
1348612841 112.1
1348612852 112.1
1348612863 111.987
1348612874 111.875
1348612885 111.875
1348612896 111.987
1348612907 112.1
1348612918 111.987
1348612929 111.762
1348612940 111.762
1348612951 111.762
1348612962 111.537
1348612973 111.425
1348612984 111.312
1348612995 111.537
1348613006 111.762
1348613016 111.762
1348613027 111.762
1348613038 111.762
1348613049 111.875
1348613060 112.1
1348613071 112.1
1348613082 112.1
1348613093 112.212
1348613104 112.1
1348613115 112.1
1348613126 112.1
1348613137 112.212
1348613148 112.1
1348613159 112.212
1348613170 112.325
1348613181 112.325
1348613192 112.325
1348613203 112.1
1348613214 111.987
1348613225 111.987
1348613236 112.212
1348613247 112.325
1348613257 112.325
1348613268 112.325
1348613279 112.55
1348613290 112.775
1348613301 112.662
1348613312 112.55
1348613323 112.55
1348613334 112.437
1348613345 112.55
1348613356 112.325
1348613367 112.212
1348613378 112.212
1348613389 112.212
1348613400 112.212
1348613411 112.325
1348613422 112.325
1348613433 112.55
1348613444 112.887
1348613455 113.112
1348613467 113.112
1348613478 113.112
1348613489 113
1348613500 112.775
1348613511 112.55
1348613522 112.55
1348613534 112.775
1348613545 112.887
1348613556 112.887
1348613567 112.775
1348613578 112.662
1348613589 112.775
1348613600 112.55
1348613611 112.775
1348613622 112.775
1348613633 112.662
1348613644 112.325
1348613655 112.212
1348613666 112.212
1348613676 112.212
1348613687 112.325
1348613698 112.325
1348613709 112.325
1348613720 112.325
1348613731 112.325
1348613742 112.325
1348613753 112.325
1348613764 112.325
1348613775 112.212
1348613786 112.212
1348613797 112.325
1348613808 112.1
1348613819 112.325
1348613830 112.212
1348613841 112.212
1348613852 112.325
1348613863 112.212
1348613874 112.212
1348613885 112.325
1348613896 112.325
1348613907 112.212
1348613917 112.1
1348613928 111.987
1348613939 111.875
1348613950 111.65
1348613961 111.65
1348613972 111.65
1348613983 111.537
1348613994 111.425
1348614005 111.425
1348614016 111.312
1348614027 111.312
1348614038 111.425
1348614049 111.312
1348614060 111.425
1348614071 111.425
1348614082 111.312
1348614093 111.2
1348614104 111.087
1348614115 111.087
1348614126 111.087
1348614137 111.2
1348614148 111.2
1348614159 111.537
1348614170 111.875
1348614181 112.325
1348614191 112.55
1348614202 112.775
1348614213 112.775
1348614224 112.662
1348614235 112.55
1348614246 112.437
1348614257 112.325
1348614268 112.325
1348614279 112.325
1348614290 112.437
1348614301 112.437
1348614312 112.437
1348614323 112.437
1348614334 112.325
1348614345 112.212
1348614356 112.437
1348614367 112.325
1348614378 112.212
1348614389 112.1
1348614400 111.875
1348614411 111.875
1348614422 111.987
1348614433 111.987
1348614443 111.987
1348614454 112.1
1348614465 112.212
1348614476 112.437
1348614487 112.662
1348614498 112.775
1348614509 112.775
1348614520 112.662
1348614531 112.662
1348614542 112.662
1348614553 112.55
1348614564 112.437
1348614575 112.437
1348614586 112.325
1348614597 112.325
1348614608 112.212
1348614619 111.987
1348614631 111.987
1348614642 112.1
1348614653 112.212
1348614663 112.325
1348614674 112.325
1348614685 111.987
1348614696 111.987
1348614707 112.1
1348614718 112.325
1348614729 112.325
1348614740 112.212
1348614751 112.212
1348614762 112.325
1348614773 112.325
1348614784 112.437
1348614795 112.55
1348614806 112.437
1348614817 112.775
1348614828 112.662
1348614839 112.55
1348614850 112.55
1348614861 112.55
1348614872 112.662
1348614883 112.662
1348614894 112.775
1348614905 112.662
1348614916 112.775
1348614927 112.775
1348614938 112.887
1348614949 112.775
1348614960 112.55
1348614971 112.55
1348614982 112.437
1348614993 112.437
1348615004 112.55
1348615015 112.437
1348615026 112.325
1348615037 112.325
1348615048 112.325
1348615059 112.325
1348615070 112.437
1348615081 112.55
1348615092 112.437
1348615103 112.325
1348615114 112.212
1348615125 112.212
1348615135 112.1
1348615146 112.1
1348615157 111.987
1348615168 111.987
1348615179 112.1
1348615190 112.325
1348615201 112.662
1348615212 112.55
1348615223 112.662
1348615234 112.662
1348615245 112.775
1348615256 112.662
1348615267 112.775
1348615278 112.887
1348615289 113
1348615300 112.887
1348615311 112.887
1348615322 112.775
1348615333 112.662
1348615344 112.212
1348615355 110.075
1348615366 107.937
1348615377 105.125
1348615387 102.537
1348615398 100.175
1348615409 98.0366
1348615420 95.7866
1348615431 93.875
1348615442 92.075
1348615453 90.5
1348615465 89.15
1348615476 87.575
1348615487 86.3366
1348615499 85.1
1348615510 84.0866
1348615521 83.1866
1348615532 82.2866
1348615543 81.5
1348615554 80.825
1348615564 80.15
1348615575 79.5866
1348615586 79.1366
1348615597 78.575
1348615608 78.0116
1348615619 77.5616
1348615630 77.1116
1348615641 76.775
1348615652 76.4366
1348615663 76.1
1348615674 75.875
1348615686 75.5366
1348615697 75.3116
1348615709 74.975
1348615720 74.75
1348615731 74.525
1348615742 74.4116
1348615753 74.3
1348615763 74.075
1348615774 73.9616
1348615785 73.85
1348615796 73.625
1348615807 73.4
1348615818 73.2866
1348615830 73.175
1348615841 73.0616
1348615852 72.8366
1348615863 72.8366
1348615874 72.725
1348615885 72.6116
1348615896 72.6116
1348615908 72.6116
1348615919 72.5
1348615930 72.3866
1348615941 72.275
1348615953 72.275
1348615964 72.275
1348615975 72.275
1348615986 72.275
1348615997 72.1616
1348616008 72.1616
1348616019 72.1616
1348616030 72.1616
1348616041 72.05
1348616052 72.05
1348616063 71.9366
1348616074 71.825
1348616085 71.825
1348616096 71.825
1348616107 71.825
1348616118 71.7116
1348616129 71.7116
1348616140 71.7116
1348616150 71.7116
1348616161 71.7116
1348616172 71.7116
1348616183 71.7116
1348616194 71.825
1348616205 71.7116
1348616216 71.7116
1348616227 71.7116
1348616238 71.6
1348616249 71.6
1348616260 71.6
1348616271 71.6
1348616282 71.6
1348616293 71.4866
1348616305 71.4866
1348616316 71.4866
1348616327 71.4866
1348616338 71.4866
1348616349 71.375
1348616360 71.375
1348616370 71.2616
1348616381 71.375
1348616392 71.375
1348616403 71.2616
1348616414 71.2616
1348616425 71.2616
1348616436 71.2616
1348616447 71.2616
1348616458 71.2616
1348616469 71.2616
1348616480 71.2616
1348616491 71.2616
1348616502 71.15
1348616513 71.2616
1348616524 71.15
1348616535 71.15
1348616546 71.15
1348616557 71.15
1348616568 71.15
1348616579 71.15
1348616590 71.15
1348616601 71.15
1348616612 71.15
1348616622 71.15
1348616633 71.15
1348616644 71.15
1348616655 71.0366
1348616666 71.0366
1348616677 71.0366
1348616688 71.0366
1348616699 71.0366
1348616710 70.925
1348616721 70.925
1348616732 70.925
1348616743 70.925
1348616754 70.8116
1348616765 70.8116
1348616777 70.8116
1348616788 70.925
1348616799 70.925
1348616810 70.925
1348616821 70.925
1348616832 70.8116
1348616842 70.8116
1348616853 70.8116
1348616864 70.7
1348616875 70.7
1348616887 70.7
1348616898 70.7
1348616910 70.7
1348616921 70.5866
1348616932 70.5866
1348616943 70.5866
1348616954 70.5866
1348616965 70.5866
1348616977 70.5866
1348616988 70.5866
1348616998 70.5866
1348617009 70.5866
1348617020 70.5866
1348617031 70.5866
1348617042 70.5866
1348617053 70.5866
1348617064 70.5866
1348617075 70.5866
1348617086 70.5866
1348617097 70.5866
1348617108 70.5866
1348617119 70.5866
1348617130 70.475
1348617141 70.475
1348617153 70.475
1348617164 70.475
1348617175 70.475
1348617186 70.475
1348617197 70.3616
1348617208 70.475
1348617219 70.475
1348617230 70.475
1348617240 70.3616
1348617251 70.3616
1348617262 70.475
1348617273 70.475
1348617284 70.475
1348617295 70.475
1348617306 70.3616
1348617317 70.3616
1348617328 70.475
1348617339 70.475
1348617350 70.475
1348617361 70.3616
1348617372 70.3616
1348617383 70.3616
1348617394 70.3616
1348617405 70.3616
1348617416 70.3616
1348617427 70.25
1348617438 70.25
1348617449 70.25
1348617460 70.25
1348617471 70.25
1348617482 70.1366
1348617494 70.25
1348617506 70.1366
1348617517 70.1366
1348617528 70.1366
1348617539 70.1366
1348617550 70.1366
1348617561 70.1366
1348617572 70.025
1348617583 70.025
1348617595 70.025
1348617606 70.025
1348617617 70.025
1348617628 70.025
1348617639 70.025
1348617650 70.025
1348617661 70.1366
1348617672 70.1366
1348617683 70.1366
1348617694 70.1366
1348617705 70.1366
1348617716 70.025
1348617727 70.025
1348617738 69.9116
1348617749 69.9116
1348617760 69.9116
1348617771 69.9116
1348617782 69.9116
1348617794 69.9116
1348617805 69.9116
1348617816 69.9116
1348617827 69.9116
1348617837 69.9116
1348617848 69.9116
1348617859 69.9116
1348617870 69.9116
1348617881 69.9116
1348617892 69.9116
1348617903 69.9116
1348617914 69.9116
1348617925 69.9116
1348617936 69.9116
1348617947 69.8
1348617959 69.9116
1348617970 69.9116
1348617982 69.9116
1348617993 69.8
1348618004 69.8
1348618015 69.8
1348618025 69.8
1348618036 69.8
1348618048 69.8
1348618059 69.8
1348618070 69.6866
1348618081 69.6866
1348618092 69.6866
1348618103 69.6866
1348618114 69.6866
1348618125 69.6866
1348618136 69.6866
1348618148 69.8
1348618159 69.8
1348618170 69.8
1348618181 69.8
1348618192 69.6866
1348618203 69.8
1348618214 69.8
1348618225 69.8
1348618236 69.6866
1348618247 69.6866
1348618258 69.6866
1348618269 69.6866
1348618280 69.575
1348618291 69.575
1348618302 69.575
1348618314 69.575
1348618325 69.575
1348618336 69.575
1348618347 69.575
1348618358 69.575
1348618369 69.4616
1348618380 69.575
1348618391 69.4616
1348618402 69.4616
1348618412 69.4616
1348618423 69.4616
1348618434 69.4616
1348618445 69.4616
1348618458 69.4616
1348618469 69.4616
1348618482 69.575
1348618493 69.575
1348618504 69.575
1348618515 69.575
1348618526 69.575
1348618537 69.575
1348618548 69.575
1348618559 69.575
1348618570 69.575
1348618581 69.575
1348618592 69.575
1348618603 69.575
1348618615 69.6866
1348618626 69.6866
1348618637 69.6866
1348618648 69.6866
1348618659 69.6866
1348618671 69.8
1348618682 69.6866
1348618693 69.6866
1348618704 69.6866
1348618714 69.6866
1348618725 69.6866
1348618736 69.6866
1348618747 69.6866
1348618758 69.6866
1348618769 69.6866
1348618780 69.6866
1348618791 69.6866
1348618802 69.6866
1348618813 69.6866
1348618824 69.6866
1348618835 69.6866
1348618846 69.6866
1348618857 69.6866
1348618868 69.6866
1348618880 69.8
1348618891 69.6866
1348618902 69.6866
1348618913 69.6866
1348618924 69.6866
1348618935 69.8
1348618945 69.6866
1348618956 69.6866
1348618967 69.6866
1348618978 69.6866
1348618989 69.6866
1348619000 69.6866
1348619011 69.6866
1348619022 69.6866
1348619033 69.6866
1348619045 69.6866
1348619056 69.6866
1348619067 69.6866
1348619078 69.6866
1348619089 69.6866
1348619100 69.6866
1348619111 69.6866
1348619122 69.6866
1348619133 69.575
1348619144 69.6866
1348619155 69.6866
1348619165 69.6866
1348619176 69.6866
1348619188 69.6866
1348619199 69.6866
1348619211 69.6866
1348619222 69.6866
1348619233 69.6866
1348619244 69.6866
1348619255 69.6866
1348619266 69.6866
1348619278 69.6866
1348619289 69.6866
1348619300 69.6866
1348619311 69.6866
1348619321 69.6866
1348619332 69.6866
1348619343 69.6866
1348619354 69.6866
1348619365 69.575
1348619376 69.6866
1348619387 69.6866
1348619398 69.6866
1348619409 69.575
1348619420 69.6866
1348619431 69.575
1348619442 69.575
1348619453 69.575
1348619464 69.6866
1348619475 69.575
1348619486 69.575
1348619497 69.575
1348619508 69.575
1348619519 69.575
1348619531 69.575
1348619541 69.575
1348619552 69.575
1348619563 69.575
1348619574 69.575
1348619585 69.575
1348619597 69.575
1348619608 69.575
1348619619 69.575
1348619630 69.575
1348619641 69.575
1348619652 69.575
1348619664 69.575
1348619675 69.575
1348619686 69.575
1348619697 69.575
1348619708 69.575
1348619719 69.575
1348619730 69.575
1348619741 69.575
1348619752 69.575
1348619763 69.575
1348619774 69.575
1348619785 69.575
1348619796 69.575
1348619807 69.575
1348619818 69.575
1348619829 69.575
1348619840 69.575
1348619851 69.575
1348619862 69.575
1348619873 69.575
1348619884 69.575
1348619896 69.575
1348619907 69.575
1348619918 69.575
1348619930 69.575
1348619941 69.575
1348619952 69.575
1348619963 69.575
1348619974 69.575
1348619985 69.575
1348619996 69.575
1348620007 69.575
1348620018 69.575
1348620029 69.4616
1348620040 69.575
1348620051 69.575
1348620062 69.575
1348620073 69.575
1348620084 69.4616
1348620095 69.575
1348620105 69.4616
1348620116 69.4616
1348620128 69.575
1348620139 69.4616
1348620150 69.4616
1348620161 69.4616
1348620173 69.575
1348620184 69.4616
1348620195 69.4616
1348620206 69.4616
1348620217 69.4616
1348620228 69.4616
1348620240 69.575
1348620251 69.4616
1348620261 69.4616
1348620272 69.4616
1348620284 69.575
1348620295 69.575
1348620306 69.575
1348620318 69.575
1348620329 69.575
1348620340 69.575
1348620351 69.575
1348620362 69.575
1348620374 69.575
1348620385 69.575
1348620396 69.575
1348620407 69.4616
1348620418 69.4616
1348620429 69.575
1348620443 69.575
1348620454 69.4616
1348620465 69.4616
1348620476 69.575
1348620487 69.4616
1348620498 69.4616
1348620509 69.4616
1348620520 69.4616
1348620531 69.575
1348620542 69.4616
1348620553 69.4616
1348620564 69.4616
1348620575 69.4616
1348620586 69.4616
1348620597 69.4616
1348620608 69.4616
1348620619 69.4616
1348620630 69.575
1348620641 69.4616
1348620652 69.4616
1348620663 69.4616
1348620674 69.575
1348620685 69.4616
1348620696 69.4616
1348620707 69.4616
1348620718 69.4616
1348620729 69.4616
1348620740 69.4616
1348620751 69.35
1348620762 69.4616
1348620773 69.35
1348620784 69.4616
1348620795 69.4616
1348620806 69.4616
1348620817 69.4616
1348620828 69.4616
1348620839 69.4616
1348620850 69.4616
1348620861 69.4616
1348620872 69.4616
1348620883 69.4616
1348620894 69.4616
1348620905 69.4616
1348620916 69.4616
1348620927 69.4616
1348620938 69.4616
1348620950 69.575
1348620961 69.4616
1348620972 69.4616
1348620982 69.4616
1348620993 69.4616
1348621004 69.4616
1348621015 69.4616
1348621026 69.4616
1348621037 69.4616
1348621048 69.4616
1348621059 69.4616
1348621070 69.4616
1348621081 69.4616
1348621092 69.575
1348621103 69.4616
1348621114 69.4616
1348621125 69.4616
1348621137 69.4616
1348621148 69.4616
1348621159 69.4616
1348621170 69.4616
1348621181 69.35
1348621191 69.4616
1348621203 69.4616
1348621214 69.4616
1348621225 69.4616
1348621236 69.4616
1348621247 69.35
1348621258 69.35
1348621269 69.35
1348621280 69.35
1348621291 69.4616
1348621302 69.35
1348621313 69.35
1348621324 69.35
1348621335 69.35
1348621346 69.35
1348621357 69.35
1348621368 69.35
1348621379 69.35
1348621390 69.35
1348621401 69.35
1348621412 69.35
1348621422 69.35
1348621433 69.35
1348621444 69.35
1348621455 69.35
1348621466 69.35
1348621478 69.35
1348621489 69.35
1348621500 69.35
1348621511 69.35
1348621523 69.35
1348621534 69.2366
1348621546 69.35
1348621557 69.35
1348621568 69.35
1348621578 69.35
1348621589 69.35
1348621602 69.35
1348621613 69.35
1348621624 69.35
1348621635 69.35
1348621646 69.2366
1348621657 69.2366
1348621668 69.2366
1348621679 69.2366
1348621690 69.2366
1348621701 69.2366
1348621712 69.35
1348621723 69.2366
1348621735 69.2366
1348621746 69.2366
1348621757 69.2366
1348621768 69.2366
1348621779 69.2366
1348621790 69.2366
1348621801 69.2366
1348621812 69.2366
1348621823 69.2366
1348621834 69.2366
1348621845 69.2366
1348621856 69.2366
1348621867 69.2366
1348621878 69.2366
1348621889 69.2366
1348621900 69.2366
1348621911 69.2366
1348621922 69.2366
1348621933 69.2366
1348621944 69.2366
1348621955 69.2366
1348621965 69.2366
1348621976 69.2366
1348621987 69.2366
1348622000 69.2366
1348622011 69.2366
1348622022 69.2366
1348622033 69.125
1348622044 69.125
1348622055 69.2366
1348622066 69.125
1348622077 69.125
1348622089 69.2366
1348622100 69.2366
1348622111 69.125
1348622122 69.2366
1348622133 69.125
1348622144 69.125
1348622155 69.125
1348622166 69.125
1348622177 69.125
1348622188 69.125
1348622199 69.125
1348622210 69.125
1348622221 69.125
1348622232 69.125
1348622243 69.125
1348622254 69.125
1348622265 69.125
1348622277 69.125
1348622288 69.125
1348622298 69.125
1348622309 69.125
1348622320 69.125
1348622333 69.2366
1348622344 69.125
1348622356 69.125
1348622367 69.125
1348622378 69.125
1348622389 69.125
1348622401 69.125
1348622412 69.125
1348622423 69.125
1348622434 69.125
1348622445 69.125
1348622456 69.125
1348622467 69.125
1348622478 69.125
1348622489 69.125
1348622500 69.125
1348622512 69.125
1348622523 69.125
1348622534 69.125
1348622545 69.125
1348622556 69.125
1348622567 69.125
1348622578 69.125
1348622589 69.125
1348622600 69.0116
1348622610 69.125
1348622621 69.125
1348622633 69.125
1348622644 69.0116
1348622656 69.125
1348622667 69.125
1348622678 69.0116
1348622689 69.125
1348622700 69.125
1348622711 69.0116
1348622722 69.0116
1348622733 69.0116
1348622744 69.125
1348622755 69.125
1348622766 69.125
1348622777 69.0116
1348622788 69.0116
1348622799 69.0116
1348622810 69.125
1348622821 69.125
1348622832 69.0116
1348622843 69.0116
1348622854 69.0116
1348622865 69.0116
1348622876 69.0116
1348622887 69.0116
1348622898 69.0116
1348622909 69.0116
1348622920 69.0116
1348622931 69.0116
1348622942 69.0116
1348622953 69.0116
1348622964 69.0116
1348622975 69.0116
1348622986 69.0116
1348622997 69.0116
1348623008 69.0116
1348623019 69.0116
1348623029 69.0116
1348623041 69.0116
1348623052 69.0116
1348623063 69.0116
1348623074 69.0116
1348623085 69.0116
1348623096 69.0116
1348623107 69.0116
1348623118 69.0116
1348623129 69.0116
1348623140 69.0116
1348623151 69.0116
1348623162 69.0116
1348623173 69.0116
1348623185 69.0116
1348623196 69.0116
1348623207 69.0116
1348623218 69.0116
1348623229 68.9
1348623240 69.0116
1348623251 69.0116
1348623263 69.0116
1348623274 69.0116
1348623286 69.0116
1348623297 68.9
1348623308 69.0116
1348623319 69.0116
1348623330 68.9
1348623341 68.9
1348623352 68.9
1348623363 68.9
1348623374 68.9
1348623385 68.9
1348623396 68.9
1348623406 68.9
1348623417 68.9
1348623429 68.9
1348623440 68.9
1348623451 68.9
1348623463 69.0116
1348623474 68.9
1348623485 68.9
1348623497 69.0116
1348623509 69.0116
1348623520 68.9
1348623531 68.9
1348623542 68.9
1348623553 68.9
1348623564 68.9
1348623575 68.9
1348623586 68.9
1348623598 68.9
1348623609 68.9
1348623620 68.9
1348623631 68.9
1348623642 68.9
1348623653 68.9
1348623664 68.9
1348623675 68.9
1348623686 68.9
1348623697 68.9
1348623708 68.9
1348623720 68.9
1348623732 69.0116
1348623743 68.9
1348623754 68.9
1348623765 68.9
1348623777 68.9
1348623788 68.9
1348623800 68.9
1348623812 69.0116
1348623823 68.9
1348623834 68.9
1348623845 68.9
1348623856 68.9
1348623867 68.9
1348623878 68.9
1348623889 68.9
1348623900 68.9
1348623911 68.9
1348623922 68.9
1348623933 68.9
1348623944 68.9
1348623955 68.9
1348623966 68.9
1348623977 68.9
1348623988 68.9
1348623999 68.9
1348624009 68.9
1348624020 68.9
1348624031 68.9
1348624042 68.9
1348624053 68.7866
1348624064 68.9
1348624076 68.9
1348624087 68.9
1348624098 68.9
1348624109 68.9
1348624120 68.9
1348624131 68.9
1348624142 68.7866
1348624153 68.9
1348624165 68.9
1348624176 68.9
1348624187 68.9
1348624198 68.7866
1348624210 68.9
1348624222 68.9
1348624233 68.9
1348624244 68.9
1348624255 68.9
1348624266 68.9
1348624277 68.9
1348624289 68.9
1348624300 68.7866
1348624311 68.7866
1348624322 68.9
1348624332 68.7866
1348624344 68.9
1348624355 68.7866
1348624366 68.7866
1348624377 68.7866
1348624388 68.7866
1348624399 68.7866
1348624410 68.9
1348624422 68.9
1348624433 68.7866
1348624444 68.9
1348624455 68.7866
1348624466 68.9
1348624477 68.7866
1348624488 68.7866
1348624499 68.9
1348624510 68.9
1348624521 68.9
1348624532 68.9
1348624543 68.9
1348624554 68.9
1348624565 68.9
1348624576 68.9
1348624587 68.9
1348624599 68.9
1348624610 68.9
1348624621 68.9
1348624632 68.9
1348624643 68.9
1348624654 68.9
1348624665 68.9
1348624676 68.9
1348624687 68.7866
1348624697 68.9
1348624708 68.9
1348624719 68.9
1348624731 68.9
1348624742 68.9
1348624753 68.9
1348624764 68.9
1348624775 68.9
1348624786 68.9
1348624797 68.9
1348624808 68.9
1348624819 68.9
1348624830 68.9
1348624841 68.9
1348624852 68.7866
1348624863 68.7866
1348624874 68.7866
1348624885 68.7866
1348624896 68.9
1348624906 68.7866
1348624917 68.7866
1348624928 68.9
1348624939 68.7866
1348624950 68.9
1348624961 68.9
1348624973 68.9
1348624984 68.9
1348624995 68.7866
1348625006 68.7866
1348625017 68.7866
1348625028 68.7866
1348625039 68.9
1348625050 68.7866
1348625061 68.7866
1348625072 68.7866
1348625083 68.7866
1348625094 68.9
1348625105 68.7866
1348625116 68.9
1348625127 68.7866
1348625137 68.7866
1348625148 68.7866
1348625159 68.7866
1348625170 68.7866
1348625181 68.7866
1348625192 68.7866
1348625204 68.7866
1348625215 68.7866
1348625227 68.7866
1348625238 68.7866
1348625249 68.7866
1348625260 68.7866
1348625271 68.7866
1348625282 68.7866
1348625294 68.7866
1348625305 68.7866
1348625315 68.7866
1348625326 68.7866
1348625338 68.7866
1348625349 68.7866
1348625360 68.7866
1348625371 68.7866
1348625382 68.7866
1348625393 68.7866
1348625404 68.7866
1348625415 68.7866
1348625426 68.7866
1348625437 68.7866
1348625448 68.7866
1348625459 68.7866
1348625470 68.7866
1348625481 68.7866
1348625492 68.7866
1348625503 68.7866
1348625514 68.7866
1348625525 68.7866
1348625535 68.7866
1348625546 68.7866
1348625557 68.7866
1348625568 68.7866
1348625579 68.7866
1348625590 68.7866
1348625601 68.7866
1348625612 68.7866
1348625623 68.7866
1348625634 68.7866
1348625645 68.7866
1348625656 68.7866
1348625667 68.7866
1348625678 68.7866
1348625689 68.675
1348625700 68.7866
1348625711 68.675
1348625722 68.675
1348625733 68.7866
1348625744 68.675
1348625755 68.7866
1348625766 68.7866
1348625777 68.7866
1348625788 68.7866
1348625800 68.7866
1348625813 68.7866
1348625824 68.7866
1348625835 68.7866
1348625846 68.7866
1348625857 68.7866
1348625868 68.7866
1348625880 68.7866
1348625891 68.7866
1348625902 68.7866
1348625913 68.7866
1348625924 68.7866
1348625935 68.7866
1348625946 68.7866
1348625957 68.7866
1348625968 68.7866
1348625979 68.7866
1348625990 68.7866
1348626001 68.7866
1348626012 68.7866
1348626023 68.7866
1348626034 68.7866
1348626045 68.7866
1348626056 68.7866
1348626067 68.7866
1348626078 68.7866
1348626089 68.7866
1348626100 68.7866
1348626111 68.7866
1348626121 68.7866
1348626132 68.7866
1348626144 68.7866
1348626155 68.7866
1348626166 68.7866
1348626177 68.7866
1348626188 68.7866
1348626199 68.7866
1348626210 68.7866
1348626221 68.7866
1348626233 68.7866
1348626244 68.7866
1348626255 68.7866
1348626266 68.7866
1348626277 68.7866
1348626288 68.7866
1348626299 68.7866
1348626310 68.7866
1348626321 68.7866
1348626332 68.7866
1348626343 68.7866
1348626354 68.7866
1348626365 68.7866
1348626376 68.7866
1348626387 68.7866
1348626398 68.7866
1348626409 68.7866
1348626420 68.7866
1348626431 68.7866
1348626442 68.7866
1348626453 68.7866
1348626464 68.7866
1348626477 68.7866
1348626488 68.675
1348626498 68.7866
1348626509 68.7866
1348626520 68.7866
1348626531 68.675
1348626542 68.7866
1348626553 68.7866
1348626564 68.7866
1348626575 68.7866
1348626587 68.7866
1348626598 68.7866
1348626610 68.7866
1348626621 68.7866
1348626632 68.7866
1348626643 68.675
1348626654 68.675
1348626665 68.7866
1348626676 68.675
1348626687 68.675
1348626698 68.675
1348626709 68.675
1348626720 68.675
1348626731 68.7866
1348626742 68.675
1348626753 68.7866
1348626764 68.675
1348626776 68.7866
1348626787 68.7866
1348626798 68.7866
1348626810 68.7866
1348626821 68.675
1348626832 68.7866
1348626843 68.7866
1348626853 68.675
1348626864 68.675
1348626875 68.675
1348626886 68.7866
1348626897 68.675
1348626908 68.675
1348626919 68.675
1348626931 68.675
1348626942 68.675
1348626953 68.675
1348626964 68.675
1348626975 68.675
1348626986 68.675
1348626997 68.675
1348627008 68.675
1348627019 68.675
1348627030 68.675
1348627041 68.675
1348627052 68.675
1348627063 68.675
1348627073 68.675
1348627084 68.675
1348627095 68.675
1348627106 68.675
1348627117 68.675
1348627128 68.675
1348627139 68.675
1348627150 68.675
1348627161 68.675
1348627172 68.675
1348627183 68.675
1348627194 68.675
1348627205 68.675
1348627218 68.675
1348627230 68.675
1348627241 68.675
1348627253 68.675
1348627264 68.675
1348627275 68.675
1348627286 68.675
1348627298 68.675
1348627310 68.675
1348627321 68.675
1348627332 68.675
1348627343 68.675
1348627353 68.675
1348627364 68.675
1348627375 68.675
1348627386 68.675
1348627397 68.675
1348627408 68.675
1348627419 68.675
1348627430 68.675
1348627442 68.675
1348627454 68.675
1348627465 68.675
1348627477 68.675
1348627488 68.675
1348627499 68.675
1348627511 68.675
1348627522 68.675
1348627533 68.675
1348627547 68.7866
1348627558 68.675
1348627569 68.675
1348627580 68.675
1348627591 68.675
1348627602 68.675
1348627613 68.675
1348627624 68.675
1348627635 68.675
1348627646 68.675
1348627657 68.675
1348627668 68.675
1348627679 68.675
1348627690 68.675
1348627702 68.675
1348627713 68.675
1348627724 68.675
1348627735 68.675
1348627746 68.675
1348627757 68.675
1348627768 68.7866
1348627779 68.675
1348627790 68.675
1348627801 68.675
1348627812 68.675
1348627823 68.675
1348627834 68.675
1348627845 68.675
1348627856 68.675
1348627867 68.675
1348627878 68.675
1348627889 68.675
1348627900 68.675
1348627911 68.675
1348627923 68.675
1348627934 68.675
1348627945 68.675
1348627956 68.675
1348627967 68.675
1348627978 68.675
1348627988 68.675
1348627999 68.675
1348628010 68.675
1348628023 68.675
1348628035 68.675
1348628046 68.675
1348628057 68.675
1348628068 68.5616
1348628079 68.675
1348628090 68.5616
1348628101 68.675
1348628112 68.675
1348628123 68.5616
1348628134 68.675
1348628144 68.5616
1348628155 68.5616
1348628167 68.675
1348628178 68.5616
1348628189 68.675
1348628200 68.5616
1348628211 68.5616
1348628222 68.5616
1348628234 68.675
1348628245 68.5616
1348628256 68.675
1348628267 68.5616
1348628278 68.5616
1348628290 68.675
1348628300 68.5616
1348628311 68.5616
1348628322 68.5616
1348628334 68.675
1348628345 68.675
1348628356 68.5616
1348628367 68.5616
1348628378 68.5616
1348628389 68.5616
1348628400 68.5616
1348628411 68.5616
1348628422 68.675
1348628433 68.5616
1348628444 68.5616
1348628455 68.675
1348628466 68.5616
1348628478 68.5616
1348628489 68.5616
1348628499 68.5616
1348628510 68.675
1348628521 68.5616
1348628532 68.5616
1348628543 68.5616
1348628554 68.5616
1348628565 68.5616
1348628576 68.5616
1348628587 68.5616
1348628598 68.5616
1348628609 68.5616
1348628620 68.5616
1348628632 68.5616
1348628643 68.5616
1348628654 68.5616
1348628665 68.5616
1348628676 68.5616
1348628687 68.5616
1348628698 68.675
1348628709 68.5616
1348628720 68.5616
1348628731 68.5616
1348628742 68.5616
1348628753 68.5616
1348628764 68.5616
1348628775 68.5616
1348628786 68.5616
1348628797 68.5616
1348628808 68.5616
1348628819 68.5616
1348628830 68.5616
1348628841 68.5616
1348628852 68.5616
1348628863 68.5616
1348628874 68.5616
1348628885 68.5616
1348628896 68.5616
1348628907 68.5616
1348628918 68.5616
1348628929 68.5616
1348628940 68.5616
1348628951 68.5616
1348628962 68.5616
1348628973 68.5616
1348628985 68.5616
1348628997 68.5616
1348629009 68.5616
1348629020 68.5616
1348629031 68.5616
1348629042 68.5616
1348629053 68.5616
1348629063 68.5616
1348629074 68.5616
1348629085 68.5616
1348629096 68.5616
1348629107 68.5616
1348629118 68.5616
1348629130 68.5616
1348629141 68.5616
1348629152 68.5616
1348629163 68.5616
1348629176 68.5616
1348629187 68.5616
1348629198 68.5616
1348629209 68.5616
1348629220 68.5616
1348629231 68.5616
1348629242 68.5616
1348629253 68.5616
1348629264 68.5616
1348629275 68.5616
1348629286 68.5616
1348629297 68.5616
1348629308 68.5616
1348629319 68.5616
1348629330 68.5616
1348629341 68.5616
1348629352 68.5616
1348629363 68.5616
1348629374 68.5616
1348629385 68.5616
1348629396 68.45
1348629407 68.5616
1348629418 68.5616
1348629429 68.5616
1348629441 68.5616
1348629452 68.45
1348629463 68.5616
1348629474 68.5616
1348629485 68.5616
1348629496 68.5616
1348629507 68.5616
1348629519 68.5616
1348629530 68.5616
1348629541 68.45
1348629552 68.5616
1348629563 68.5616
1348629574 68.5616
1348629585 68.5616
1348629596 68.5616
1348629606 68.45
1348629617 68.45
1348629628 68.5616
1348629639 68.5616
1348629651 68.5616
1348629662 68.5616
1348629673 68.5616
1348629686 68.5616
1348629697 68.5616
1348629709 68.5616
1348629720 68.5616
1348629731 68.5616
1348629742 68.45
1348629753 68.5616
1348629764 68.5616
1348629775 68.45
1348629787 68.5616
1348629798 68.45
1348629809 68.5616
1348629820 68.5616
1348629831 68.5616
1348629842 68.5616
1348629854 68.5616
1348629865 68.5616
1348629876 68.5616
1348629887 68.45
1348629898 68.5616
1348629909 68.45
1348629920 68.5616
1348629931 68.5616
1348629942 68.5616
1348629953 68.5616
1348629964 68.5616
1348629975 68.5616
1348629986 68.5616
1348629997 68.5616
1348630008 68.5616
1348630019 68.45
1348630030 68.45
1348630042 68.5616
1348630053 68.5616
1348630064 68.5616
1348630075 68.5616
1348630086 68.5616
1348630097 68.5616
1348630108 68.45
1348630119 68.5616
1348630130 68.45
1348630141 68.5616
1348630152 68.45
1348630163 68.5616
1348630174 68.45
1348630185 68.5616
1348630196 68.45
1348630207 68.5616
1348630218 68.45
1348630229 68.45
1348630241 68.5616
1348630252 68.5616
1348630263 68.5616
1348630274 68.45
1348630285 68.5616
1348630295 68.45
1348630306 68.45
1348630317 68.45
1348630328 68.45
1348630339 68.45
1348630350 68.5616
1348630361 68.45
1348630372 68.45
1348630383 68.45
1348630394 68.45
1348630405 68.45
1348630416 68.45
1348630427 68.45
1348630438 68.45
1348630449 68.45
1348630460 68.45
1348630471 68.5616
1348630482 68.45
1348630493 68.5616
1348630504 68.45
1348630515 68.45
1348630526 68.5616
1348630538 68.5616
1348630549 68.45
1348630560 68.45
1348630571 68.45
1348630582 68.45
1348630593 68.45
1348630605 68.5616
1348630617 68.5616
1348630628 68.5616
1348630639 68.5616
1348630650 68.45
1348630661 68.45
1348630672 68.45
1348630682 68.45
1348630693 68.45
1348630704 68.45
1348630715 68.45
1348630726 68.45
1348630738 68.45
1348630749 68.45
1348630761 68.45
1348630773 68.5616
1348630784 68.45
1348630795 68.45
1348630806 68.45
1348630818 68.45
1348630829 68.45
1348630839 68.45
1348630850 68.45
1348630861 68.45
1348630872 68.45
1348630883 68.45
1348630894 68.45
1348630905 68.45
1348630916 68.45
1348630927 68.45
1348630938 68.45
1348630949 68.45
1348630960 68.45
1348630971 68.45
1348630982 68.45
1348630993 68.45
1348631004 68.45
1348631016 68.45
1348631027 68.45
1348631038 68.45
1348631050 68.45
1348631061 68.45
1348631072 68.45
1348631083 68.45
1348631094 68.45
1348631105 68.45
1348631116 68.45
1348631127 68.45
1348631138 68.45
1348631149 68.45
1348631160 68.45
1348631171 68.45
1348631182 68.45
1348631193 68.45
1348631204 68.45
1348631215 68.45
1348631226 68.45
1348631237 68.45
1348631247 68.45
1348631258 68.3366
1348631269 68.45
1348631280 68.45
1348631292 68.45
1348631303 68.45
1348631314 68.45
1348631325 68.45
1348631336 68.45
1348631347 68.45
1348631358 68.45
1348631369 68.45
1348631380 68.45
1348631391 68.45
1348631402 68.45
1348631413 68.45
1348631424 68.45
1348631435 68.45
1348631446 68.45
1348631456 68.45
1348631467 68.45
1348631478 68.45
1348631489 68.45
1348631500 68.45
1348631511 68.3366
1348631522 68.3366
1348631534 68.45
1348631545 68.45
1348631557 68.45
1348631568 68.45
1348631579 68.3366
1348631590 68.45
1348631601 68.45
1348631612 68.45
1348631623 68.45
1348631634 68.45
1348631645 68.3366
1348631656 68.45
1348631667 68.3366
1348631679 68.45
1348631690 68.3366
1348631701 68.45
1348631712 68.3366
1348631724 68.45
1348631735 68.45
1348631746 68.3366
1348631757 68.45
1348631768 68.3366
1348631779 68.45
1348631790 68.3366
1348631801 68.3366
1348631811 68.3366
1348631822 68.45
1348631833 68.3366
1348631844 68.3366
1348631855 68.3366
1348631866 68.3366
1348631877 68.3366
1348631888 68.3366
1348631899 68.3366
1348631910 68.3366
1348631921 68.45
1348631932 68.3366
1348631943 68.45
1348631954 68.3366
1348631965 68.3366
1348631976 68.45
1348631987 68.3366
1348631998 68.3366
1348632009 68.45
1348632020 68.3366
1348632031 68.3366
1348632042 68.3366
1348632053 68.3366
1348632064 68.3366
1348632074 68.45
1348632085 68.45
1348632096 68.3366
1348632107 68.3366
1348632118 68.3366
1348632130 68.45
1348632141 68.3366
1348632152 68.45
1348632163 68.3366
1348632174 68.3366
1348632185 68.3366
1348632196 68.45
1348632208 68.45
1348632219 68.45
1348632230 68.3366
1348632242 68.45
1348632253 68.3366
1348632264 68.45
1348632275 68.3366
1348632286 68.3366
1348632297 68.45
1348632308 68.3366
1348632319 68.45
1348632330 68.3366
1348632342 68.45
1348632353 68.3366
1348632364 68.3366
1348632375 68.3366
1348632386 68.3366
1348632397 68.3366
1348632408 68.3366
1348632418 68.45
1348632429 68.3366
1348632440 68.45
1348632451 68.45
1348632462 68.45
1348632473 68.45
1348632484 68.45
1348632495 68.3366
1348632507 68.45
1348632518 68.45
1348632529 68.45
1348632540 68.45
1348632551 68.45
1348632562 68.45
1348632573 68.45
1348632584 68.45
1348632595 68.45
1348632606 68.45
1348632617 68.45
1348632628 68.3366
1348632639 68.45
1348632650 68.45
1348632661 68.3366
1348632672 68.3366
1348632684 68.3366
1348632695 68.3366
1348632706 68.3366
1348632717 68.3366
1348632728 68.3366
1348632739 68.3366
1348632750 68.3366
1348632761 68.3366
1348632772 68.3366
1348632783 68.3366
1348632794 68.3366
1348632805 68.45
1348632816 68.3366
1348632826 68.3366
1348632837 68.3366
1348632848 68.3366
1348632859 68.3366
1348632870 68.3366
1348632881 68.3366
1348632892 68.3366
1348632903 68.3366
1348632914 68.3366
1348632925 68.3366
1348632936 68.3366
1348632947 68.3366
1348632958 68.3366
1348632969 68.3366
1348632980 68.3366
1348632991 68.3366
1348633002 68.3366
1348633013 68.3366
1348633024 68.3366
1348633035 68.3366
1348633046 68.3366
1348633057 68.3366
1348633067 68.3366
1348633079 68.45
1348633090 68.3366
1348633101 68.3366
1348633112 68.3366
1348633123 68.3366
1348633134 68.3366
1348633145 68.3366
1348633156 68.3366
1348633167 68.3366
1348633178 68.3366
1348633189 68.3366
1348633200 68.3366
1348633212 68.3366
1348633223 68.3366
1348633234 68.3366
1348633245 68.3366
1348633255 68.3366
1348633266 68.3366
1348633277 68.3366
1348633288 68.3366
1348633299 68.3366
1348633310 68.3366
1348633321 68.3366
1348633332 68.3366
1348633343 68.3366
1348633354 68.3366
1348633365 68.3366
1348633377 68.3366
1348633388 68.3366
1348633400 68.3366
1348633411 68.3366
1348633422 68.3366
1348633433 68.3366
1348633444 68.3366
1348633455 68.3366
1348633466 68.3366
1348633479 68.3366
1348633491 68.3366
1348633502 68.3366
1348633513 68.3366
1348633524 68.3366
1348633535 68.3366
1348633546 68.3366
1348633557 68.3366
1348633568 68.3366
1348633579 68.3366
1348633590 68.3366
1348633601 68.3366
1348633612 68.3366
1348633623 68.3366
1348633634 68.3366
1348633645 68.3366
1348633656 68.3366
1348633667 68.3366
1348633678 68.3366
1348633689 68.3366
1348633700 68.3366
1348633711 68.3366
1348633722 68.3366
1348633734 68.3366
1348633745 68.3366
1348633756 68.3366
1348633767 68.3366
1348633778 68.3366
1348633789 68.3366
1348633799 68.3366
1348633810 68.3366
1348633821 68.225
1348633833 68.3366
1348633844 68.3366
1348633855 68.3366
1348633866 68.3366
1348633877 68.3366
1348633888 68.3366
1348633899 68.3366
1348633910 68.3366
1348633921 68.3366
1348633932 68.3366
1348633943 68.3366
1348633954 68.225
1348633966 68.3366
1348633977 68.3366
1348633988 68.3366
1348633999 68.3366
1348634010 68.3366
1348634023 68.3366
1348634034 68.3366
1348634045 68.3366
1348634056 68.3366
1348634067 68.3366
1348634078 68.3366
1348634089 68.3366
1348634100 68.3366
1348634111 68.225
1348634122 68.3366
1348634133 68.3366
1348634144 68.3366
1348634155 68.3366
1348634166 68.3366
1348634177 68.225
1348634188 68.3366
1348634201 68.3366
1348634212 68.3366
1348634223 68.3366
1348634234 68.225
1348634245 68.3366
1348634257 68.3366
1348634268 68.3366
1348634279 68.3366
1348634290 68.225
1348634301 68.225
1348634312 68.225
1348634323 68.3366
1348634334 68.225
1348634345 68.225
1348634356 68.225
1348634367 68.225
1348634378 68.225
1348634389 68.225
1348634400 68.225
1348634411 68.225
1348634422 68.225
1348634434 68.225
1348634445 68.3366
1348634456 68.225
1348634467 68.225
1348634478 68.225
1348634488 68.225
1348634499 68.225
1348634510 68.225
1348634521 68.3366
1348634532 68.225
1348634543 68.225
1348634554 68.225
1348634565 68.225
1348634576 68.225
1348634587 68.225
1348634598 68.3366
1348634609 68.3366
1348634620 68.225
1348634631 68.225
1348634642 68.225
1348634653 68.225
1348634664 68.225
1348634675 68.225
1348634686 68.225
1348634698 68.3366
1348634708 68.225
1348634720 68.225
1348634731 68.225
1348634742 68.225
1348634753 68.225
1348634764 68.225
1348634776 68.225
1348634787 68.225
1348634798 68.225
1348634809 68.225
1348634820 68.225
1348634831 68.3366
1348634842 68.225
1348634853 68.225
1348634864 68.225
1348634875 68.225
1348634885 68.225
1348634896 68.225
1348634908 68.3366
1348634919 68.225
1348634930 68.225
1348634941 68.225
1348634952 68.225
1348634963 68.225
1348634975 68.3366
1348634986 68.225
1348634997 68.225
1348635008 68.225
1348635019 68.225
1348635030 68.225
1348635043 68.225
1348635054 68.225
1348635065 68.225
1348635076 68.225
1348635087 68.225
1348635098 68.225
1348635109 68.225
1348635120 68.225
1348635132 68.225
1348635143 68.225
1348635154 68.225
1348635167 68.225
1348635178 68.225
1348635189 68.225
1348635200 68.225
1348635212 68.225
1348635223 68.225
1348635234 68.225
1348635245 68.225
1348635256 68.225
1348635267 68.225
1348635279 68.225
1348635290 68.225
1348635301 68.225
1348635313 68.225
1348635331 68.225
1348635392 68.225
1348635453 68.225
1348635514 68.225
1348635575 68.225
1348635636 68.225
1348635697 68.225
1348635758 68.225
1348635819 68.1116
1348635880 68.1116
1348635941 68.1116
1348636001 68.1116
1348636062 68.1116
1348636124 68.1116
1348636185 68.1116
1348636246 68.1116
1348636307 68.1116
1348636368 68.1116
1348636430 68.1116
1348636491 68.1116
1348636552 68.1116
1348636613 68.1116
1348636674 68.1116
1348636735 68.1116
1348636797 68.1116
1348636858 68.1116
1348636920 68.1116
1348636981 68.1116
1348637041 68.1116
1348637102 68.1116
1348637164 68.1116
1348637225 68.1116
1348637286 68.1116
1348637347 68
1348637408 68
1348637469 68
1348637547 68
